[2017-02-01 19-07-16] PHP Warning: require(C:\LUKAS\web\kiis3\app\presenters/templates/Error/500.phtml): failed to open stream: No such file or directory in C:\LUKAS\web\kiis3\app\presenters\ErrorPresenter.php:32  @  http://kiis3/ 
[2017-02-01 19-08-38] PHP Warning: require(C:\LUKAS\web\kiis3\app\presenters/templates/Error/500.phtml): failed to open stream: No such file or directory in C:\LUKAS\web\kiis3\app\presenters\ErrorPresenter.php:32  @  http://kiis3/ 
[2017-02-01 19-09-06] PHP Warning: require(C:\LUKAS\web\kiis3\app\presenters/templates/Error/500.phtml): failed to open stream: No such file or directory in C:\LUKAS\web\kiis3\app\presenters\ErrorPresenter.php:32  @  http://kiis3/ 
[2017-02-01 19-41-49] PHP Warning: require(C:\LUKAS\web\kiis3\app\presenters/templates/Error/500.phtml): failed to open stream: No such file or directory in C:\LUKAS\web\kiis3\app\presenters\ErrorPresenter.php:32  @  http://kiis3/thread/show/2 
[2017-02-01 19-41-50] PHP Warning: require(C:\LUKAS\web\kiis3\app\presenters/templates/Error/500.phtml): failed to open stream: No such file or directory in C:\LUKAS\web\kiis3\app\presenters\ErrorPresenter.php:32  @  http://kiis3/thread/show/2 
[2017-02-01 21-49-56] PHP Warning: require(C:\LUKAS\web\kiis3\app\presenters/templates/Error/500.phtml): failed to open stream: No such file or directory in C:\LUKAS\web\kiis3\app\presenters\ErrorPresenter.php:32  @  http://kiis3/sign/?backlink=34b3u 
[2017-02-12 12-57-11] PHP Notice: Trying to get property of non-object in /data/webs/ddmtrebic.cz/webs/klub/app/presenters/HomepagePresenter.php:43  @  http://klub.ddmtrebic.cz/?action=edit 
[2017-02-12 12-57-15] PHP Notice: Trying to get property of non-object in /data/webs/ddmtrebic.cz/webs/klub/app/presenters/HomepagePresenter.php:43  @  http://klub.ddmtrebic.cz/?action=edit 
[2017-02-13 20-46-03] PHP Notice: Undefined variable: eventSigns in /data/webs/ddmtrebic.cz/webs/klub/temp/cache/latte/cz-webs-klub-app-templates-Profile-show-latte-Template7ee520f7f7f6d6ed0052b81411091e08.php:26  @  http://klub.ddmtrebic.cz/?id=19&action=show&presenter=Profile 
[2017-02-13 20-46-41] PHP Notice: Undefined variable: eventSigns in /data/webs/ddmtrebic.cz/webs/klub/temp/cache/latte/cz-webs-klub-app-templates-Profile-show-latte-Template7ee520f7f7f6d6ed0052b81411091e08.php:26  @  http://klub.ddmtrebic.cz/?id=19&action=show&presenter=Profile 
[2017-02-14 19-09-07] PHP Notice: Trying to get property of non-object in /data/webs/ddmtrebic.cz/webs/klub/temp/cache/latte/cz-webs-klub-app-templates-Event-show-latte-Template67980fa013df0202529fbe4045e766c1.php:40  @  http://klub.ddmtrebic.cz/?id=143&action=show&presenter=Event 
[2017-02-14 19-09-12] PHP Notice: Trying to get property of non-object in /data/webs/ddmtrebic.cz/webs/klub/app/presenters/EventPresenter.php:79  @  http://klub.ddmtrebic.cz/?action=show&presenter=Event 
[2017-02-14 19-34-00] PHP Notice: Trying to get property of non-object in /data/webs/ddmtrebic.cz/webs/klub/temp/cache/latte/cz-webs-klub-app-templates-Event-show-latte-Template67980fa013df0202529fbe4045e766c1.php:40  @  http://klub.ddmtrebic.cz/?id=143&action=show&presenter=Event 
[2017-02-14 19-34-02] PHP Notice: Trying to get property of non-object in /data/webs/ddmtrebic.cz/webs/klub/app/presenters/EventPresenter.php:79  @  http://klub.ddmtrebic.cz/?action=show&presenter=Event 
[2017-02-14 19-34-04] PHP Notice: Trying to get property of non-object in /data/webs/ddmtrebic.cz/webs/klub/temp/cache/latte/cz-webs-klub-app-templates-Event-show-latte-Template67980fa013df0202529fbe4045e766c1.php:40  @  http://klub.ddmtrebic.cz/?id=143&action=show&presenter=Event 
[2017-02-17 17-14-06] PHP Notice: Undefined variable: newEventsCount in /data/webs/ddmtrebic.cz/webs/klub/temp/cache/latte/ddmtrebic-cz-webs-klub-app-templates-layout-latte-Template4e490b031cdcc6025e3d396f2683e243.php:111  @  http://klub.ddmtrebic.cz/?userId=25&key=b6ten593nj3tknw2tojrollfpbo5itphyhx7lday6wvnohhfv7&all=1&includeRejected=0&action=calendar&presenter=Api?nocache 
[2017-02-17 17-14-06] PHP Notice: Undefined variable: unreadEventThreadsCount in /data/webs/ddmtrebic.cz/webs/klub/temp/cache/latte/ddmtrebic-cz-webs-klub-app-templates-layout-latte-Template4e490b031cdcc6025e3d396f2683e243.php:124  @  http://klub.ddmtrebic.cz/?userId=25&key=b6ten593nj3tknw2tojrollfpbo5itphyhx7lday6wvnohhfv7&all=1&includeRejected=0&action=calendar&presenter=Api?nocache 
[2017-02-17 17-14-06] PHP Notice: Undefined variable: unreadThreadsCount in /data/webs/ddmtrebic.cz/webs/klub/temp/cache/latte/ddmtrebic-cz-webs-klub-app-templates-layout-latte-Template4e490b031cdcc6025e3d396f2683e243.php:131  @  http://klub.ddmtrebic.cz/?userId=25&key=b6ten593nj3tknw2tojrollfpbo5itphyhx7lday6wvnohhfv7&all=1&includeRejected=0&action=calendar&presenter=Api?nocache 
[2017-02-17 17-14-06] PHP Notice: Undefined variable: awaitingApprovalCount in /data/webs/ddmtrebic.cz/webs/klub/temp/cache/latte/ddmtrebic-cz-webs-klub-app-templates-layout-latte-Template4e490b031cdcc6025e3d396f2683e243.php:144  @  http://klub.ddmtrebic.cz/?userId=25&key=b6ten593nj3tknw2tojrollfpbo5itphyhx7lday6wvnohhfv7&all=1&includeRejected=0&action=calendar&presenter=Api?nocache 
[2017-02-18 22-39-06] PHP Notice: Undefined property: Nette\Utils\ArrayHash::$content in /data/webs/ddmtrebic.cz/webs/klub/vendor/nette/utils/src/Utils/ArrayHash.php:77  @  http://klub.ddmtrebic.cz/?action=eventThreads&presenter=Thread 
